<?xml version="1.0" encoding="UTF-8"?>
<!-- Generated by org.testng.reporters.JUnitReportReporter -->
<testsuite hostname="DESKTOP-252T84G" failures="0" tests="1" name="pageObjects.apiDemoTest" time="37.233" errors="0" timestamp="2021-03-21T00:39:53 GMT" skipped="0">
  <testcase classname="pageObjects.apiDemoTest" name="apiDemo" time="37.233"/>
  <system-out/>
</testsuite> <!-- pageObjects.apiDemoTest -->
