<?xml version="1.0" encoding="UTF-8"?>
<!-- Generated by org.testng.reporters.JUnitReportReporter -->
<testsuite hostname="DESKTOP-252T84G" failures="0" tests="2" name="Practice.AppiumFramework.apiDemoTest" time="155.535" errors="0" timestamp="2021-04-01T14:21:37 BST" skipped="0">
  <testcase classname="Practice.AppiumFramework.apiDemoTest" name="apiDemo" time="83.256"/>
  <system-out/>
  <testcase classname="Practice.AppiumFramework.apiDemoTest" name="apiDemo" time="72.279"/>
  <system-out/>
</testsuite> <!-- Practice.AppiumFramework.apiDemoTest -->
