<?xml version="1.0" encoding="UTF-8"?>
<!-- Generated by org.testng.reporters.JUnitReportReporter -->
<testsuite hostname="DESKTOP-252T84G" failures="0" tests="1" name="Practice.AppiumFramework.SumValidation" time="84.732" errors="0" timestamp="2021-04-01T14:17:54 BST" skipped="0">
  <testcase classname="Practice.AppiumFramework.SumValidation" name="totalValidation" time="84.732"/>
  <system-out/>
</testsuite> <!-- Practice.AppiumFramework.SumValidation -->
