<?xml version="1.0" encoding="UTF-8"?>
<!-- Generated by org.testng.reporters.JUnitReportReporter -->
<testsuite hostname="DESKTOP-252T84G" failures="0" tests="1" name="Practice.AppiumFramework.SumValidation" time="84.252" errors="0" timestamp="01 Apr 2021 13:48:38 GMT" skipped="0">
  <testcase classname="Practice.AppiumFramework.SumValidation" name="totalValidation" time="84.252"/>
</testsuite> <!-- Practice.AppiumFramework.SumValidation -->
